<?xml version="1.0" encoding="UTF-8"?>
<!-- Generated by org.testng.reporters.JUnitReportReporter -->
<testsuite skipped="0" hostname="DESKTOP-KH23AO5" name="Testcase1.Panatriptestcase" tests="1" failures="0" timestamp="26 Mar 2018 22:57:29 GMT" time="10.193" errors="0">
  <testcase name="plantrip" time="10.193" classname="Testcase1.Panatriptestcase"/>
</testsuite> <!-- Testcase1.Panatriptestcase -->
