<?xml version="1.0" encoding="UTF-8"?>
<!-- Generated by org.testng.reporters.JUnitReportReporter -->
<testsuite skipped="0" hostname="DESKTOP-KH23AO5" name="Testcase1.TrainTimetabletestcase" tests="1" failures="0" timestamp="26 Mar 2018 23:40:11 GMT" time="8.707" errors="0">
  <testcase name="test" time="8.707" classname="Testcase1.TrainTimetabletestcase"/>
</testsuite> <!-- Testcase1.TrainTimetabletestcase -->
